{"numTotalTestSuites":4,"numPassedTestSuites":2,"numFailedTestSuites":2,"numPendingTestSuites":0,"numTotalTests":13,"numPassedTests":11,"numFailedTests":2,"numPendingTests":0,"numTodoTests":0,"snapshot":{"added":0,"failure":false,"filesAdded":0,"filesRemoved":0,"filesRemovedList":[],"filesUnmatched":0,"filesUpdated":0,"matched":0,"total":0,"unchecked":0,"uncheckedKeysByFile":[],"unmatched":0,"updated":0,"didUpdate":false},"startTime":1790319679158,"success":false,"testResults":[{"assertionResults":[{"ancestorTitles":["host-client: join flow"],"fullName":"host-client: join flow mencoba alamat discovery berikutnya jika alamat pertama gagal","status":"passed","title":"mencoba alamat discovery berikutnya jika alamat pertama gagal","duration":125.38009999999997,"failureMessages":[],"meta":{},"tags":[]},{"ancestorTitles":["host-client: join flow"],"fullName":"host-client: join flow connect → hello → hello-ack → approved, grant tersimpan","status":"passed","title":"connect → hello → hello-ack → approved, grant tersimpan","duration":99.1572000000001,"failureMessages":[],"meta":{},"tags":[]},{"ancestorTitles":["host-client: join flow"],"fullName":"host-client: join flow baru menyatakan approved setelah snapshot diterapkan","status":"passed","title":"baru menyatakan approved setelah snapshot diterapkan","duration":93.71760000000017,"failureMessages":[],"meta":{},"tags":[]},{"ancestorTitles":["host-client: join flow"],"fullName":"host-client: join flow join ke host tidak valid mengembalikan ok:false tanpa crash","status":"passed","title":"join ke host tidak valid mengembalikan ok:false tanpa crash","duration":1.3156999999998789,"failureMessages":[],"meta":{},"tags":[]},{"ancestorTitles":["host-client: join flow"],"fullName":"host-client: join flow status() melaporkan koneksi setelah tersambung","status":"passed","title":"status() melaporkan koneksi setelah tersambung","duration":67.12660000000005,"failureMessages":[],"meta":{},"tags":[]},{"ancestorTitles":["host-client: Fase 3 snapshot awal"],"fullName":"host-client: Fase 3 snapshot awal menerapkan snapshot lewat snapshotApplier dan meng-emit event snapshot","status":"passed","title":"menerapkan snapshot lewat snapshotApplier dan meng-emit event snapshot","duration":82.56730000000016,"failureMessages":[],"meta":{},"tags":[]},{"ancestorTitles":["host-client: Fase 3 snapshot awal"],"fullName":"host-client: Fase 3 snapshot awal tetap emit snapshot walau snapshotApplier tidak diberi","status":"passed","title":"tetap emit snapshot walau snapshotApplier tidak diberi","duration":89.82960000000003,"failureMessages":[],"meta":{},"tags":[]},{"ancestorTitles":["host-client: Fase 4 reserveStock"],"fullName":"host-client: Fase 4 reserveStock reserveStock menerima balasan Host (roundtrip via host-server)","status":"failed","title":"reserveStock menerima balasan Host (roundtrip via host-server)","duration":100.85329999999999,"failureMessages":["AssertionError: expected false to be true // Object.is equality\n    at C:/Users/tech aarohi/.kasir-warung/electron/network/host-client.test.cjs:228:20\n    at processTicksAndRejections (node:internal/process/task_queues:104:5)\n    at file:///C:/Users/tech%20aarohi/.kasir-warung/node_modules/@vitest/runner/dist/chunk-artifact.js:1903:20"],"meta":{},"tags":[]},{"ancestorTitles":["host-client: Fase 4 reserveStock"],"fullName":"host-client: Fase 4 reserveStock reserveStock saat offline → {ok:false, reason:'offline'}","status":"passed","title":"reserveStock saat offline → {ok:false, reason:'offline'}","duration":0.9558000000001812,"failureMessages":[],"meta":{},"tags":[]},{"ancestorTitles":["host-client: Fase 4 reserveStock"],"fullName":"host-client: Fase 4 reserveStock reserveStock timeout kalau Host tidak membalas","status":"passed","title":"reserveStock timeout kalau Host tidak membalas","duration":68.70749999999998,"failureMessages":[],"meta":{},"tags":[]},{"ancestorTitles":["host-client: Fase 4 reserveStock"],"fullName":"host-client: Fase 4 reserveStock Host balas 'unavailable' tanpa handler → diteruskan ke pemanggil","status":"failed","title":"Host balas 'unavailable' tanpa handler → diteruskan ke pemanggil","duration":68.64910000000009,"failureMessages":["AssertionError: expected 'unauthorized' to be 'unavailable' // Object.is equality\n    at C:/Users/tech aarohi/.kasir-warung/electron/network/host-client.test.cjs:277:24\n    at processTicksAndRejections (node:internal/process/task_queues:104:5)\n    at file:///C:/Users/tech%20aarohi/.kasir-warung/node_modules/@vitest/runner/dist/chunk-artifact.js:1903:20"],"meta":{},"tags":[]},{"ancestorTitles":["host-client: Fase 4 reserveStock"],"fullName":"host-client: Fase 4 reserveStock menerima stock-delta dan memanggil deltaApplier","status":"passed","title":"menerima stock-delta dan memanggil deltaApplier","duration":108.33840000000009,"failureMessages":[],"meta":{},"tags":[]},{"ancestorTitles":["host-client: Fase 4 reserveStock"],"fullName":"host-client: Fase 4 reserveStock pending reserve diselesaikan sebagai 'disconnected' saat putus","status":"passed","title":"pending reserve diselesaikan sebagai 'disconnected' saat putus","duration":66.09939999999983,"failureMessages":[],"meta":{},"tags":[]}],"startTime":1790319680310,"endTime":1790319681285.0994,"status":"failed","message":"","name":"C:/Users/tech aarohi/.kasir-warung/electron/network/host-client.test.cjs"}]}